Flutter crash report.
Please report a bug at https://github.com/flutter/flutter/issues.

## command

flutter --quiet assemble --no-version-check --depfile D:\Saif\flutter_app\build\app\intermediates\flutter\release/flutter_build.d --output D:\Saif\flutter_app\build\app\intermediates\flutter\release -dTargetFile=lib\main.dart -dTargetPlatform=android -dBuildMode=release -dTrackWidgetCreation=true -dTreeShakeIcons=true -dFlavor= -dAndroidArchs=android-arm android-arm64 android-x64 -dMinSdkVersion=21 android_aot_bundle_release_android-arm android_aot_bundle_release_android-arm64 android_aot_bundle_release_android-x64

## exception

FileSystemException: FileSystemException: Cannot resolve symbolic links, path = 'D:\Saif\flutter_app\build\app\intermediates\flutter\release' (OS Error: The system cannot find the path specified.
, errno = 3)

```
#0      FileSystemEntity._throwIfError (dart:io/file_system_entity.dart:886:7)
#1      FileSystemEntity.resolveSymbolicLinksSync (dart:io/file_system_entity.dart:375:5)
#2      ForwardingFileSystemEntity.resolveSymbolicLinksSync (package:file/src/forwarding/forwarding_file_system_entity.dart:56:49)
#3      ForwardingFileSystemEntity.resolveSymbolicLinksSync (package:file/src/forwarding/forwarding_file_system_entity.dart:56:49)
#4      SourceVisitor.visitPattern (package:flutter_tools/src/build_system/source.dart:110:63)
#5      _PatternSource.accept (package:flutter_tools/src/build_system/source.dart:255:49)
#6      Target._resolveConfiguration (package:flutter_tools/src/build_system/build_system.dart:248:14)
#7      Target.resolveOutputs (package:flutter_tools/src/build_system/build_system.dart:205:12)
#8      Target._toNode (package:flutter_tools/src/build_system/build_system.dart:162:39)
#9      Target._toNode (package:flutter_tools/src/build_system/build_system.dart:167:63)
#10     FlutterBuildSystem.build (package:flutter_tools/src/build_system/build_system.dart:626:30)
#11     AssembleCommand.runCommand (package:flutter_tools/src/commands/assemble.dart:354:51)
#12     FlutterCommand.verifyThenRunCommand (package:flutter_tools/src/runner/flutter_command.dart:1938:12)
<asynchronous suspension>
#13     FlutterCommand.run.<anonymous closure> (package:flutter_tools/src/runner/flutter_command.dart:1558:27)
<asynchronous suspension>
#14     AppContext.run.<anonymous closure> (package:flutter_tools/src/base/context.dart:154:19)
<asynchronous suspension>
#15     CommandRunner.runCommand (package:args/command_runner.dart:212:13)
<asynchronous suspension>
#16     FlutterCommandRunner.runCommand.<anonymous closure> (package:flutter_tools/src/runner/flutter_command_runner.dart:496:9)
<asynchronous suspension>
#17     AppContext.run.<anonymous closure> (package:flutter_tools/src/base/context.dart:154:19)
<asynchronous suspension>
#18     FlutterCommandRunner.runCommand (package:flutter_tools/src/runner/flutter_command_runner.dart:431:5)
<asynchronous suspension>
#19     run.<anonymous closure>.<anonymous closure> (package:flutter_tools/runner.dart:98:11)
<asynchronous suspension>
#20     AppContext.run.<anonymous closure> (package:flutter_tools/src/base/context.dart:154:19)
<asynchronous suspension>
#21     main (package:flutter_tools/executable.dart:99:3)
<asynchronous suspension>
```

## flutter doctor

```
[✓] Flutter (Channel stable, 3.29.0, on Microsoft Windows [Version 10.0.19045.5555], locale en-IN) [586ms]
    • Flutter version 3.29.0 on channel stable at D:\Saif\Flutter\src\flutter
    • Upstream repository https://github.com/flutter/flutter.git
    • Framework revision 35c388afb5 (2 weeks ago), 2025-02-10 12:48:41 -0800
    • Engine revision f73bfc4522
    • Dart version 3.7.0
    • DevTools version 2.42.2

[✓] Windows Version (10 Pro 64-bit, 22H2, 2009) [4.0s]

[✓] Android toolchain - develop for Android devices (Android SDK version 35.0.1) [6.5s]
    • Android SDK at C:\Users\admin\AppData\Local\Android\sdk
    • Platform android-35, build-tools 35.0.1
    • Java binary at: C:\Program Files\Android\Android Studio\jbr\bin\java
      This is the JDK bundled with the latest Android Studio installation on this machine.
      To manually set the JDK path, use: `flutter config --jdk-dir="path/to/jdk"`.
    • Java version OpenJDK Runtime Environment (build 21.0.5+-12932927-b750.29)
    • All Android licenses accepted.

[✓] Chrome - develop for the web [28ms]
    • Chrome at C:\Program Files\Google\Chrome\Application\chrome.exe

[✗] Visual Studio - develop Windows apps [26ms]
    ✗ Visual Studio not installed; this is necessary to develop Windows apps.
      Download at https://visualstudio.microsoft.com/downloads/.
      Please install the "Desktop development with C++" workload, including all of its default components

[✓] Android Studio (version 2024.2) [22ms]
    • Android Studio at C:\Program Files\Android\Android Studio
    • Flutter plugin can be installed from:
      🔨 https://plugins.jetbrains.com/plugin/9212-flutter
    • Dart plugin can be installed from:
      🔨 https://plugins.jetbrains.com/plugin/6351-dart
    • Java version OpenJDK Runtime Environment (build 21.0.5+-12932927-b750.29)

[✓] VS Code (version 1.97.2) [19ms]
    • VS Code at C:\Users\admin\AppData\Local\Programs\Microsoft VS Code
    • Flutter extension version 3.104.0

[✓] Connected device (3 available) [920ms]
    • Windows (desktop) • windows • windows-x64    • Microsoft Windows [Version 10.0.19045.5555]
    • Chrome (web)      • chrome  • web-javascript • Google Chrome 133.0.6943.127
    • Edge (web)        • edge    • web-javascript • Microsoft Edge 133.0.3065.69

[✓] Network resources [1,697ms]
    • All expected network resources are available.

! Doctor found issues in 1 category.
```
